
> quiztarefassp@0.1.0 dev
> next dev --turbopack

 ⚠ Warning: Next.js inferred your workspace root, but it may not be correct.
 We detected multiple lockfiles and selected the directory of /Users/prom1/package-lock.json as the root directory.
 To silence this warning, set `turbopack.root` in your Next.js config, or consider removing one of the lockfiles if it's not needed.
   See https://nextjs.org/docs/app/api-reference/config/next-config-js/turbopack#root-directory for more information.
 Detected additional lockfiles: 
   * /Users/prom1/quiztarefassp/package-lock.json

   ▲ Next.js 15.5.4 (Turbopack)
   - Local:        http://localhost:3000
   - Network:      http://172.20.10.10:3000
   - Environments: .env.local

 ✓ Starting...
 ○ Compiling instrumentation Node.js ...
 ✓ Compiled instrumentation Node.js in 789ms
 ✓ Compiled instrumentation Edge in 219ms
 ✓ Ready in 2.6s
 ○ Compiling /api/test-connection ...
 ✓ Compiled /api/test-connection in 998ms
✅ Using remote Supabase: https://ntiadxsvduowjvxuahzy.supabase.co
Auth state changed: INITIAL_SESSION no session
(node:18060) [DEP0040] DeprecationWarning: The `punycode` module is deprecated. Please use a userland alternative instead.
(Use `node --trace-deprecation ...` to show where the warning was created)
 GET /api/test-connection 200 in 2461ms
[?25h
